<?xml version="1.0" encoding="UTF-8"?>
<!-- Generated by org.testng.reporters.JUnitXMLReporter -->
<testsuite hostname="HO-GDC-SIG64" name="Default test" tests="6" failures="0" timestamp="25 Jun 2020 07:47:27 GMT" time="24.933" errors="0">
  <testcase name="sanityTest" time="5.239" classname="testcases.SanityTest"/>
  <testcase name="addItemIntoCart" time="7.686" classname="testcases.SanityTest"/>
  <testcase name="SummaryProceedToCheckout" time="2.653" classname="testcases.SanityTest"/>
  <testcase name="commentandProceed" time="1.891" classname="testcases.SanityTest"/>
  <testcase name="checkBoxAndProceed" time="1.759" classname="testcases.SanityTest"/>
  <testcase name="ClickOnPayByBankWire" time="5.674" classname="testcases.SanityTest"/>
</testsuite> <!-- Default test -->
